<?xml version="1.0" encoding="UTF-8"?>
<!-- Generated by org.testng.reporters.JUnitReportReporter -->
<testsuite hostname="Amar" failures="0" tests="1" name="util.DateTimePattern" time="0.038" errors="0" timestamp="2024-05-26T23:43:30 IST" skipped="0">
  <testcase classname="util.DateTimePattern" name="getDateTime" time="0.038"/>
  <system-out/>
</testsuite> <!-- util.DateTimePattern -->
