<?xml version="1.0" encoding="UTF-8"?>
<!-- Generated by org.testng.reporters.JUnitReportReporter -->
<testsuite hostname="Amar" failures="0" tests="1" name="testRunner.TestNGTestRunner" time="36.564" errors="0" timestamp="2024-05-27T23:44:05 IST" skipped="0">
  <testcase classname="testRunner.TestNGTestRunner" name="runScenario" time="36.564"/>
  <system-out/>
</testsuite> <!-- testRunner.TestNGTestRunner -->
